<?xml version="1.0" encoding="UTF-8"?>
<testng-results skipped="0" failed="0" ignored="0" total="1" passed="1">
  <reporter-output>
  </reporter-output>
  <suite name="Default suite" duration-ms="36044" started-at="2020-11-23T14:43:45Z" finished-at="2020-11-23T14:44:21Z">
    <groups>
    </groups>
    <test name="Default test" duration-ms="36044" started-at="2020-11-23T14:43:45Z" finished-at="2020-11-23T14:44:21Z">
      <class name="com.appium.gesture.selectio">
        <test-method status="PASS" signature="insectapp2()[pri:0, instance:com.appium.gesture.selectio@60285225]" name="insectapp2" duration-ms="36006" started-at="2020-11-23T14:43:45Z" finished-at="2020-11-23T14:44:21Z">
          <reporter-output>
          </reporter-output>
        </test-method> <!-- insectapp2 -->
      </class> <!-- com.appium.gesture.selectio -->
    </test> <!-- Default test -->
  </suite> <!-- Default suite -->
</testng-results>
